<?xml version="1.0" encoding="UTF-8"?>
<testng-results skipped="0" failed="0" ignored="0" total="1" passed="1">
  <reporter-output>
  </reporter-output>
  <suite name="Default suite" duration-ms="5782" started-at="2021-02-01T16:20:06Z" finished-at="2021-02-01T16:20:11Z">
    <groups>
    </groups>
    <test name="Default test" duration-ms="5782" started-at="2021-02-01T16:20:06Z" finished-at="2021-02-01T16:20:11Z">
      <class name="mySeleniumPackage.OpenFacebook">
        <test-method status="PASS" signature="mainTest()[pri:0, instance:mySeleniumPackage.OpenFacebook@39aeed2f]" name="mainTest" duration-ms="5757" started-at="2021-02-01T16:20:06Z" finished-at="2021-02-01T16:20:11Z">
          <reporter-output>
          </reporter-output>
        </test-method> <!-- mainTest -->
      </class> <!-- mySeleniumPackage.OpenFacebook -->
    </test> <!-- Default test -->
  </suite> <!-- Default suite -->
</testng-results>
